#
# A fatal error has been detected by the Java Runtime Environment:
#
#  EXCEPTION_UNCAUGHT_CXX_EXCEPTION (0xe06d7363) at pc=0x00007ffdbceca388, pid=3028, tid=0x0000000000000cac
#
# JRE version: Java(TM) SE Runtime Environment (8.0_211-b12) (build 1.8.0_211-b12)
# Java VM: Java HotSpot(TM) 64-Bit Server VM (25.211-b12 mixed mode windows-amd64 compressed oops)
# Problematic frame:
# C  [KERNELBASE.dll+0x3a388]
#
# Failed to write core dump. Minidumps are not enabled by default on client versions of Windows
#
# If you would like to submit a bug report, please visit:
#   http://bugreport.java.com/bugreport/crash.jsp
# The crash happened outside the Java Virtual Machine in native code.
# See problematic frame for where to report the bug.
#

---------------  T H R E A D  ---------------

Current thread (0x000000001efe2000):  JavaThread "Thread-5" [_thread_in_native, id=3244, stack(0x0000000031f40000,0x0000000032040000)]

siginfo: ExceptionCode=0xe06d7363, ExceptionInformation=0x0000000019930520 0x000000003202f180 0x00007ffd5c48cd78 0x00007ffd5c240000 

Registers:
RAX=0x0000000000000000, RBX=0x00007ffd5c48cd78, RCX=0x0000000000000000, RDX=0x0000000000000000
RSP=0x000000003202eff0, RBP=0x000000003202f130, RSI=0x00007ffd5c41d5f8, RDI=0x000000003202f180
R8 =0x0000000000000000, R9 =0x0000000000000000, R10=0x0000000000000000, R11=0x0000000000000000
R12=0x00000000ffffffe5, R13=0x0000000000000000, R14=0x00007ffd5c41d520, R15=0x000000003203f328
RIP=0x00007ffdbceca388, EFLAGS=0x0000000000000206

Top of Stack: (sp=0x000000003202eff0)
0x000000003202eff0:   0000000000000000 00007ffd5c48cd78
0x000000003202f000:   00007ffd5c41d5f8 000000003202f180
0x000000003202f010:   00000001e06d7363 0000000000000000
0x000000003202f020:   00007ffdbceca388 0000000000000004
0x000000003202f030:   0000000019930520 000000003202f180
0x000000003202f040:   00007ffd5c48cd78 00007ffd5c240000
0x000000003202f050:   00007ffd5c41d520 00000000ffffffe5
0x000000003202f060:   000000003202f180 00007ffd5c41d5f8
0x000000003202f070:   000000003202f130 00007ffdc0ad0f6f
0x000000003202f080:   000000003202f140 00007ffd00000000
0x000000003202f090:   000000003202f180 00007ffd7042d306
0x000000003202f0a0:   00007ffd5c4af000 00007ffd5c240000
0x000000003202f0b0:   000034f698056998 00007ffd704ac4d0
0x000000003202f0c0:   00007ffd5c48cd78 00007ffd7042ef63
0x000000003202f0d0:   000000003202f180 00007ffd703feb8d
0x000000003202f0e0:   00007ffd704ac4d0 00007ffd5c41d5f8 

Instructions: (pc=0x00007ffdbceca388)
0x00007ffdbceca368:   49 8b d1 44 0f 47 c0 44 89 44 24 38 49 c1 e0 03
0x00007ffdbceca378:   e8 ba 46 04 00 48 8d 4c 24 20 ff 15 d0 82 14 00
0x00007ffdbceca388:   48 8b 8c 24 c0 00 00 00 48 33 cc e8 f8 05 04 00
0x00007ffdbceca398:   48 81 c4 d8 00 00 00 c3 83 64 24 38 00 eb d6 cc 


Register to memory mapping:

RAX=0x0000000000000000 is an unknown value
RBX=0x00007ffd5c48cd78 is an unknown value
RCX=0x0000000000000000 is an unknown value
RDX=0x0000000000000000 is an unknown value
RSP=0x000000003202eff0 is pointing into the stack for thread: 0x000000001efe2000
RBP=0x000000003202f130 is pointing into the stack for thread: 0x000000001efe2000
RSI=0x00007ffd5c41d5f8 is an unknown value
RDI=0x000000003202f180 is pointing into the stack for thread: 0x000000001efe2000
R8 =0x0000000000000000 is an unknown value
R9 =0x0000000000000000 is an unknown value
R10=0x0000000000000000 is an unknown value
R11=0x0000000000000000 is an unknown value
R12=0x00000000ffffffe5 is an unknown value
R13=0x0000000000000000 is an unknown value
R14=0x00007ffd5c41d520 is an unknown value
R15=0x000000003203f328 is pointing into the stack for thread: 0x000000001efe2000


Stack: [0x0000000031f40000,0x0000000032040000],  sp=0x000000003202eff0,  free space=955k
Native frames: (J=compiled Java code, j=interpreted, Vv=VM code, C=native code)
C  [KERNELBASE.dll+0x3a388]
C  [msvcr120.dll+0x5ef63]
C  [opencv_core320.dll+0x1a2c34]
C  [opencv_core320.dll+0x1a2d76]
C  [opencv_core320.dll+0x5ac08]
C  [jniopencv_core.dll+0xb644b]
C  0x0000000003748c67

Java frames: (J=compiled Java code, j=interpreted, Vv=VM code)
j  org.bytedeco.javacpp.opencv_core.cvClearMemStorage(Lorg/bytedeco/javacpp/opencv_core$CvMemStorage;)V+0
j  application.FaceDetector.run()V+269
j  java.lang.Thread.run()V+11
v  ~StubRoutines::call_stub

---------------  P R O C E S S  ---------------

Java Threads: ( => current thread )
=>0x000000001efe2000 JavaThread "Thread-5" [_thread_in_native, id=3244, stack(0x0000000031f40000,0x0000000032040000)]
  0x00000000285ab800 JavaThread "Prism Font Disposer" daemon [_thread_blocked, id=22952, stack(0x000000002c860000,0x000000002c960000)]
  0x0000000028684800 JavaThread "AWT-Windows" daemon [_thread_in_native, id=20180, stack(0x000000002a1e0000,0x000000002a2e0000)]
  0x0000000027e31800 JavaThread "Java2D Disposer" daemon [_thread_blocked, id=19352, stack(0x0000000029fe0000,0x000000002a0e0000)]
  0x0000000020383800 JavaThread "JavaCPP Deallocator" daemon [_thread_blocked, id=11460, stack(0x0000000029ba0000,0x0000000029ca0000)]
  0x000000001ff7e800 JavaThread "Thread-3" daemon [_thread_in_native, id=23408, stack(0x00000000274b0000,0x00000000275b0000)]
  0x000000001ff22800 JavaThread "JavaFX-Launcher" [_thread_blocked, id=10412, stack(0x00000000276b0000,0x00000000277b0000)]
  0x000000001ff01000 JavaThread "JavaFX Application Thread" [_thread_in_native, id=7224, stack(0x0000000020c10000,0x0000000020d10000)]
  0x000000001feff000 JavaThread "Thread-1" daemon [_thread_blocked, id=2032, stack(0x0000000020b10000,0x0000000020c10000)]
  0x000000001fed9000 JavaThread "QuantumRenderer-0" daemon [_thread_blocked, id=21120, stack(0x00000000208b0000,0x00000000209b0000)]
  0x000000001f070000 JavaThread "Service Thread" daemon [_thread_blocked, id=14776, stack(0x000000001fc90000,0x000000001fd90000)]
  0x000000001efe5000 JavaThread "C1 CompilerThread3" daemon [_thread_blocked, id=18884, stack(0x000000001fb90000,0x000000001fc90000)]
  0x000000001efe4800 JavaThread "C2 CompilerThread2" daemon [_thread_blocked, id=10068, stack(0x000000001fa90000,0x000000001fb90000)]
  0x000000001efdd000 JavaThread "C2 CompilerThread1" daemon [_thread_blocked, id=13636, stack(0x000000001f990000,0x000000001fa90000)]
  0x000000001efda000 JavaThread "C2 CompilerThread0" daemon [_thread_blocked, id=19532, stack(0x000000001f890000,0x000000001f990000)]
  0x000000001efd8000 JavaThread "Attach Listener" daemon [_thread_blocked, id=20828, stack(0x000000001f790000,0x000000001f890000)]
  0x000000001efd7000 JavaThread "Signal Dispatcher" daemon [_thread_blocked, id=18460, stack(0x000000001f690000,0x000000001f790000)]
  0x000000000372d000 JavaThread "Finalizer" daemon [_thread_blocked, id=1828, stack(0x000000001f4a0000,0x000000001f5a0000)]
  0x000000001efc0800 JavaThread "Reference Handler" daemon [_thread_blocked, id=6816, stack(0x000000001f3a0000,0x000000001f4a0000)]
  0x0000000003638000 JavaThread "main" [_thread_blocked, id=12808, stack(0x0000000003530000,0x0000000003630000)]

Other Threads:
  0x000000001d1b9800 VMThread [stack: 0x000000001eea0000,0x000000001efa0000] [id=23504]
  0x000000001f0ba000 WatcherThread [stack: 0x000000001fd90000,0x000000001fe90000] [id=9944]

VM state:not at safepoint (normal execution)

VM Mutex/Monitor currently owned by a thread: None

heap address: 0x00000006c1800000, size: 4072 MB, Compressed Oops mode: Zero based, Oop shift amount: 3
Narrow klass base: 0x0000000000000000, Narrow klass shift: 3
Compressed class space size: 1073741824 Address: 0x00000007c0000000

Heap:
 PSYoungGen      total 76288K, used 28934K [0x000000076b300000, 0x0000000772200000, 0x00000007c0000000)
  eden space 65536K, 35% used [0x000000076b300000,0x000000076ca02c08,0x000000076f300000)
  from space 10752K, 49% used [0x000000076f300000,0x000000076f83ef40,0x000000076fd80000)
  to   space 10752K, 0% used [0x0000000771780000,0x0000000771780000,0x0000000772200000)
 ParOldGen       total 104960K, used 6289K [0x00000006c1800000, 0x00000006c7e80000, 0x000000076b300000)
  object space 104960K, 5% used [0x00000006c1800000,0x00000006c1e24618,0x00000006c7e80000)
 Metaspace       used 27298K, capacity 28296K, committed 28544K, reserved 1073152K
  class space    used 3614K, capacity 3853K, committed 3968K, reserved 1048576K

Card table byte_map: [0x0000000012af0000,0x00000000132f0000] byte_map_base: 0x000000000f4e4000

Marking Bits: (ParMarkBitMap*) 0x000000005c9c5ce0
 Begin Bits: [0x0000000014040000, 0x0000000017fe0000)
 End Bits:   [0x0000000017fe0000, 0x000000001bf80000)

Polling page: 0x00000000016f0000

CodeCache: size=245760Kb used=11135Kb max_used=11144Kb free=234624Kb
 bounds [0x0000000003730000, 0x0000000004220000, 0x0000000012730000]
 total_blobs=4223 nmethods=3315 adapters=820
 compilation: enabled

Compilation events (10 events):
Event: 30.841 Thread 0x000000001efe5000 nmethod 3311 0x000000000420be50 code [0x000000000420bfa0, 0x000000000420c0b0]
Event: 30.841 Thread 0x000000001efe5000 3312       3       sun.java2d.loops.GraphicsPrimitiveMgr$1::compare (39 bytes)
Event: 30.842 Thread 0x000000001efe5000 nmethod 3312 0x0000000004213a50 code [0x0000000004213bc0, 0x00000000042140d0]
Event: 30.842 Thread 0x000000001efe5000 3313       3       sun.java2d.loops.GraphicsPrimitiveMgr$2::compare (39 bytes)
Event: 30.842 Thread 0x000000001efe5000 nmethod 3313 0x00000000042141d0 code [0x0000000004214340, 0x00000000042147d0]
Event: 30.842 Thread 0x000000001efe5000 3314       1       sun.java2d.loops.CompositeType::getSuperType (5 bytes)
Event: 30.842 Thread 0x000000001efe5000 nmethod 3314 0x000000000420bb10 code [0x000000000420bc60, 0x000000000420bd70]
Event: 30.842 Thread 0x000000001efe5000 3315       3       java.util.Arrays::binarySearch0 (95 bytes)
Event: 30.843 Thread 0x000000001efe5000 nmethod 3315 0x0000000004214910 code [0x0000000004214aa0, 0x0000000004214ed8]
Event: 30.857 Thread 0x000000001efe4800 nmethod 3306% 0x0000000004217450 code [0x0000000004217720, 0x0000000004218c50]

GC Heap History (8 events):
Event: 3.672 GC heap before
{Heap before GC invocations=1 (full 0):
 PSYoungGen      total 76288K, used 65536K [0x000000076b300000, 0x0000000770800000, 0x00000007c0000000)
  eden space 65536K, 100% used [0x000000076b300000,0x000000076f300000,0x000000076f300000)
  from space 10752K, 0% used [0x000000076fd80000,0x000000076fd80000,0x0000000770800000)
  to   space 10752K, 0% used [0x000000076f300000,0x000000076f300000,0x000000076fd80000)
 ParOldGen       total 175104K, used 0K [0x00000006c1800000, 0x00000006cc300000, 0x000000076b300000)
  object space 175104K, 0% used [0x00000006c1800000,0x00000006c1800000,0x00000006cc300000)
 Metaspace       used 18738K, capacity 19336K, committed 19584K, reserved 1067008K
  class space    used 2462K, capacity 2641K, committed 2688K, reserved 1048576K
Event: 3.678 GC heap after
Heap after GC invocations=1 (full 0):
 PSYoungGen      total 76288K, used 6669K [0x000000076b300000, 0x0000000770800000, 0x00000007c0000000)
  eden space 65536K, 0% used [0x000000076b300000,0x000000076b300000,0x000000076f300000)
  from space 10752K, 62% used [0x000000076f300000,0x000000076f983760,0x000000076fd80000)
  to   space 10752K, 0% used [0x000000076fd80000,0x000000076fd80000,0x0000000770800000)
 ParOldGen       total 175104K, used 88K [0x00000006c1800000, 0x00000006cc300000, 0x000000076b300000)
  object space 175104K, 0% used [0x00000006c1800000,0x00000006c1816010,0x00000006cc300000)
 Metaspace       used 18738K, capacity 19336K, committed 19584K, reserved 1067008K
  class space    used 2462K, capacity 2641K, committed 2688K, reserved 1048576K
}
Event: 3.858 GC heap before
{Heap before GC invocations=2 (full 0):
 PSYoungGen      total 76288K, used 14362K [0x000000076b300000, 0x0000000770800000, 0x00000007c0000000)
  eden space 65536K, 11% used [0x000000076b300000,0x000000076ba83120,0x000000076f300000)
  from space 10752K, 62% used [0x000000076f300000,0x000000076f983760,0x000000076fd80000)
  to   space 10752K, 0% used [0x000000076fd80000,0x000000076fd80000,0x0000000770800000)
 ParOldGen       total 175104K, used 88K [0x00000006c1800000, 0x00000006cc300000, 0x000000076b300000)
  object space 175104K, 0% used [0x00000006c1800000,0x00000006c1816010,0x00000006cc300000)
 Metaspace       used 20337K, capacity 21162K, committed 21248K, reserved 1067008K
  class space    used 2773K, capacity 2986K, committed 3072K, reserved 1048576K
Event: 3.864 GC heap after
Heap after GC invocations=2 (full 0):
 PSYoungGen      total 76288K, used 6392K [0x000000076b300000, 0x0000000774800000, 0x00000007c0000000)
  eden space 65536K, 0% used [0x000000076b300000,0x000000076b300000,0x000000076f300000)
  from space 10752K, 59% used [0x000000076fd80000,0x00000007703be2f0,0x0000000770800000)
  to   space 10752K, 0% used [0x000000076f300000,0x000000076f300000,0x000000076fd80000)
 ParOldGen       total 175104K, used 96K [0x00000006c1800000, 0x00000006cc300000, 0x000000076b300000)
  object space 175104K, 0% used [0x00000006c1800000,0x00000006c1818010,0x00000006cc300000)
 Metaspace       used 20337K, capacity 21162K, committed 21248K, reserved 1067008K
  class space    used 2773K, capacity 2986K, committed 3072K, reserved 1048576K
}
Event: 3.864 GC heap before
{Heap before GC invocations=3 (full 1):
 PSYoungGen      total 76288K, used 6392K [0x000000076b300000, 0x0000000774800000, 0x00000007c0000000)
  eden space 65536K, 0% used [0x000000076b300000,0x000000076b300000,0x000000076f300000)
  from space 10752K, 59% used [0x000000076fd80000,0x00000007703be2f0,0x0000000770800000)
  to   space 10752K, 0% used [0x000000076f300000,0x000000076f300000,0x000000076fd80000)
 ParOldGen       total 175104K, used 96K [0x00000006c1800000, 0x00000006cc300000, 0x000000076b300000)
  object space 175104K, 0% used [0x00000006c1800000,0x00000006c1818010,0x00000006cc300000)
 Metaspace       used 20337K, capacity 21162K, committed 21248K, reserved 1067008K
  class space    used 2773K, capacity 2986K, committed 3072K, reserved 1048576K
Event: 3.895 GC heap after
Heap after GC invocations=3 (full 1):
 PSYoungGen      total 76288K, used 0K [0x000000076b300000, 0x0000000774800000, 0x00000007c0000000)
  eden space 65536K, 0% used [0x000000076b300000,0x000000076b300000,0x000000076f300000)
  from space 10752K, 0% used [0x000000076fd80000,0x000000076fd80000,0x0000000770800000)
  to   space 10752K, 0% used [0x000000076f300000,0x000000076f300000,0x000000076fd80000)
 ParOldGen       total 104960K, used 6281K [0x00000006c1800000, 0x00000006c7e80000, 0x000000076b300000)
  object space 104960K, 5% used [0x00000006c1800000,0x00000006c1e22618,0x00000006c7e80000)
 Metaspace       used 20337K, capacity 21162K, committed 21248K, reserved 1067008K
  class space    used 2773K, capacity 2986K, committed 3072K, reserved 1048576K
}
Event: 16.960 GC heap before
{Heap before GC invocations=4 (full 1):
 PSYoungGen      total 76288K, used 65536K [0x000000076b300000, 0x0000000774800000, 0x00000007c0000000)
  eden space 65536K, 100% used [0x000000076b300000,0x000000076f300000,0x000000076f300000)
  from space 10752K, 0% used [0x000000076fd80000,0x000000076fd80000,0x0000000770800000)
  to   space 10752K, 0% used [0x000000076f300000,0x000000076f300000,0x000000076fd80000)
 ParOldGen       total 104960K, used 6281K [0x00000006c1800000, 0x00000006c7e80000, 0x000000076b300000)
  object space 104960K, 5% used [0x00000006c1800000,0x00000006c1e22618,0x00000006c7e80000)
 Metaspace       used 23883K, capacity 24938K, committed 25088K, reserved 1071104K
  class space    used 3291K, capacity 3550K, committed 3584K, reserved 1048576K
Event: 16.962 GC heap after
Heap after GC invocations=4 (full 1):
 PSYoungGen      total 76288K, used 5371K [0x000000076b300000, 0x0000000772200000, 0x00000007c0000000)
  eden space 65536K, 0% used [0x000000076b300000,0x000000076b300000,0x000000076f300000)
  from space 10752K, 49% used [0x000000076f300000,0x000000076f83ef40,0x000000076fd80000)
  to   space 10752K, 0% used [0x0000000771780000,0x0000000771780000,0x0000000772200000)
 ParOldGen       total 104960K, used 6289K [0x00000006c1800000, 0x00000006c7e80000, 0x000000076b300000)
  object space 104960K, 5% used [0x00000006c1800000,0x00000006c1e24618,0x00000006c7e80000)
 Metaspace       used 23883K, capacity 24938K, committed 25088K, reserved 1071104K
  class space    used 3291K, capacity 3550K, committed 3584K, reserved 1048576K
}

Deoptimization events (10 events):
Event: 16.323 Thread 0x000000001ff01000 Uncommon trap: reason=predicate action=maybe_recompile pc=0x000000000402056c method=java.lang.String.regionMatches(ZILjava/lang/String;II)Z @ 63
Event: 16.971 Thread 0x000000001ff01000 Uncommon trap: reason=unstable_if action=reinterpret pc=0x0000000003969718 method=java.lang.AbstractStringBuilder.append(Ljava/lang/String;)Ljava/lang/AbstractStringBuilder; @ 1
Event: 16.980 Thread 0x000000001ff01000 Uncommon trap: reason=class_check action=maybe_recompile pc=0x00000000040b920c method=java.io.FilterInputStream.read([B)I @ 5
Event: 16.981 Thread 0x000000001ff01000 Uncommon trap: reason=class_check action=maybe_recompile pc=0x00000000040b920c method=java.io.FilterInputStream.read([B)I @ 5
Event: 16.981 Thread 0x000000001ff01000 Uncommon trap: reason=class_check action=maybe_recompile pc=0x00000000040b920c method=java.io.FilterInputStream.read([B)I @ 5
Event: 16.982 Thread 0x000000001ff01000 Uncommon trap: reason=class_check action=maybe_recompile pc=0x00000000040b920c method=java.io.FilterInputStream.read([B)I @ 5
Event: 17.045 Thread 0x000000001ff01000 Uncommon trap: reason=unstable_if action=reinterpret pc=0x0000000003c6d204 method=java.lang.String.trim()Ljava/lang/String; @ 44
Event: 17.045 Thread 0x000000001ff01000 Uncommon trap: reason=unstable_if action=reinterpret pc=0x0000000003b726bc method=java.lang.CharacterDataLatin1.isWhitespace(I)Z @ 14
Event: 27.747 Thread 0x000000001ff01000 Uncommon trap: reason=unstable_if action=reinterpret pc=0x00000000040099bc method=java.net.URI.match(CJJ)Z @ 45
Event: 28.076 Thread 0x000000001ff01000 Uncommon trap: reason=unstable_if action=reinterpret pc=0x0000000003cf13a0 method=com.sun.javafx.css.BitSet.add(Ljava/lang/Object;)Z @ 91

Classes redefined (0 events):
No events

Internal exceptions (10 events):
Event: 16.980 Thread 0x000000001ff01000 Exception <a 'java/security/PrivilegedActionException'> (0x000000076b4002e8) thrown at [C:\re\workspace\8-2-build-windows-amd64-cygwin\jdk8u211\12973\hotspot\src\share\vm\prims\jvm.cpp, line 1502]
Event: 16.984 Thread 0x000000001ff01000 Exception <a 'java/security/PrivilegedActionException'> (0x000000076b4695c8) thrown at [C:\re\workspace\8-2-build-windows-amd64-cygwin\jdk8u211\12973\hotspot\src\share\vm\prims\jvm.cpp, line 1502]
Event: 16.984 Thread 0x000000001ff01000 Exception <a 'java/security/PrivilegedActionException'> (0x000000076b469ba8) thrown at [C:\re\workspace\8-2-build-windows-amd64-cygwin\jdk8u211\12973\hotspot\src\share\vm\prims\jvm.cpp, line 1502]
Event: 16.985 Thread 0x000000001ff01000 Exception <a 'java/security/PrivilegedActionException'> (0x000000076b66d590) thrown at [C:\re\workspace\8-2-build-windows-amd64-cygwin\jdk8u211\12973\hotspot\src\share\vm\prims\jvm.cpp, line 1502]
Event: 16.985 Thread 0x000000001ff01000 Exception <a 'java/security/PrivilegedActionException'> (0x000000076b66db70) thrown at [C:\re\workspace\8-2-build-windows-amd64-cygwin\jdk8u211\12973\hotspot\src\share\vm\prims\jvm.cpp, line 1502]
Event: 16.986 Thread 0x000000001ff01000 Exception <a 'java/security/PrivilegedActionException'> (0x000000076b685c88) thrown at [C:\re\workspace\8-2-build-windows-amd64-cygwin\jdk8u211\12973\hotspot\src\share\vm\prims\jvm.cpp, line 1502]
Event: 16.986 Thread 0x000000001ff01000 Exception <a 'java/security/PrivilegedActionException'> (0x000000076b686268) thrown at [C:\re\workspace\8-2-build-windows-amd64-cygwin\jdk8u211\12973\hotspot\src\share\vm\prims\jvm.cpp, line 1502]
Event: 16.986 Thread 0x000000001ff01000 Exception <a 'java/security/PrivilegedActionException'> (0x000000076b69ed58) thrown at [C:\re\workspace\8-2-build-windows-amd64-cygwin\jdk8u211\12973\hotspot\src\share\vm\prims\jvm.cpp, line 1502]
Event: 16.987 Thread 0x000000001ff01000 Exception <a 'java/security/PrivilegedActionException'> (0x000000076b69f338) thrown at [C:\re\workspace\8-2-build-windows-amd64-cygwin\jdk8u211\12973\hotspot\src\share\vm\prims\jvm.cpp, line 1502]
Event: 29.400 Thread 0x000000001efe2000 Exception <a 'java/lang/NullPointerException'> (0x000000076b9e7bc0) thrown at [C:\re\workspace\8-2-build-windows-amd64-cygwin\jdk8u211\12973\hotspot\src\share\vm\interpreter\linkResolver.cpp, line 1185]

Events (10 events):
Event: 30.840 loading class sun/java2d/loops/GraphicsPrimitiveProxy
Event: 30.840 loading class sun/java2d/loops/GraphicsPrimitiveProxy done
Event: 30.840 loading class sun/java2d/loops/GeneralRenderer
Event: 30.840 loading class sun/java2d/loops/GeneralRenderer done
Event: 30.841 loading class sun/java2d/loops/GraphicsPrimitiveMgr$1
Event: 30.841 loading class sun/java2d/loops/GraphicsPrimitiveMgr$1 done
Event: 30.841 loading class sun/java2d/loops/GraphicsPrimitiveMgr$2
Event: 30.841 loading class sun/java2d/loops/GraphicsPrimitiveMgr$2 done
Event: 30.841 loading class sun/java2d/loops/GraphicsPrimitiveMgr$PrimitiveSpec
Event: 30.841 loading class sun/java2d/loops/GraphicsPrimitiveMgr$PrimitiveSpec done


Dynamic libraries:
0x00007ff708ff0000 - 0x00007ff709027000 	C:\Program Files\Java\jdk1.8.0_211\bin\java.exe
0x00007ffdc0ac0000 - 0x00007ffdc0ca1000 	C:\Windows\SYSTEM32\ntdll.dll
0x00007ffdbea70000 - 0x00007ffdbeb21000 	C:\Windows\System32\KERNEL32.DLL
0x00007ffdbce90000 - 0x00007ffdbd103000 	C:\Windows\System32\KERNELBASE.dll
0x00007ffdc06c0000 - 0x00007ffdc0761000 	C:\Windows\System32\ADVAPI32.dll
0x00007ffdbe990000 - 0x00007ffdbea2e000 	C:\Windows\System32\msvcrt.dll
0x00007ffdbed00000 - 0x00007ffdbed5b000 	C:\Windows\System32\sechost.dll
0x00007ffdc0560000 - 0x00007ffdc0684000 	C:\Windows\System32\RPCRT4.dll
0x00007ffdc0770000 - 0x00007ffdc0900000 	C:\Windows\System32\USER32.dll
0x00007ffdbdd40000 - 0x00007ffdbdd60000 	C:\Windows\System32\win32u.dll
0x00007ffdc0690000 - 0x00007ffdc06b8000 	C:\Windows\System32\GDI32.dll
0x00007ffdbdba0000 - 0x00007ffdbdd32000 	C:\Windows\System32\gdi32full.dll
0x00007ffdbda20000 - 0x00007ffdbdabf000 	C:\Windows\System32\msvcp_win.dll
0x00007ffdbd110000 - 0x00007ffdbd208000 	C:\Windows\System32\ucrtbase.dll
0x00007ffda2c30000 - 0x00007ffda2e99000 	C:\Windows\WinSxS\amd64_microsoft.windows.common-controls_6595b64144ccf1df_6.0.17134.706_none_fb43a2cb30647007\COMCTL32.dll
0x00007ffdbdf50000 - 0x00007ffdbe272000 	C:\Windows\System32\combase.dll
0x00007ffdbdb20000 - 0x00007ffdbdb9a000 	C:\Windows\System32\bcryptPrimitives.dll
0x00007ffdbea40000 - 0x00007ffdbea6d000 	C:\Windows\System32\IMM32.DLL
0x00007ffd9d6f0000 - 0x00007ffd9d7a1000 	C:\Program Files\McAfee\Endpoint Security\Threat Prevention\Ips\EpMPApi.dll
0x00007ffdbdac0000 - 0x00007ffdbdb17000 	C:\Windows\System32\WINTRUST.dll
0x00007ffdbce70000 - 0x00007ffdbce82000 	C:\Windows\System32\MSASN1.dll
0x00007ffdbdd60000 - 0x00007ffdbdf42000 	C:\Windows\System32\CRYPT32.dll
0x000000005cd90000 - 0x000000005cd9c000 	C:\Program Files\McAfee\Endpoint Security\Threat Prevention\Ips\EpMPThe.dll
0x00007ffda9b50000 - 0x00007ffda9b73000 	C:\Program Files\McAfee\Endpoint Security\Threat Prevention\Ips\HIPHandlers64.dll
0x00007ffdbe7c0000 - 0x00007ffdbe811000 	C:\Windows\System32\SHLWAPI.dll
0x000000005c0c0000 - 0x000000005c192000 	C:\Program Files\Java\jdk1.8.0_211\jre\bin\msvcr100.dll
0x000000005c1a0000 - 0x000000005ca45000 	C:\Program Files\Java\jdk1.8.0_211\jre\bin\server\jvm.dll
0x00007ffdbecf0000 - 0x00007ffdbecf8000 	C:\Windows\System32\PSAPI.DLL
0x00007ffdb6310000 - 0x00007ffdb6333000 	C:\Windows\SYSTEM32\WINMM.dll
0x00007ffdb6440000 - 0x00007ffdb6449000 	C:\Windows\SYSTEM32\WSOCK32.dll
0x00007ffdb5f40000 - 0x00007ffdb5f4a000 	C:\Windows\SYSTEM32\VERSION.dll
0x00007ffdc0a20000 - 0x00007ffdc0a8c000 	C:\Windows\System32\WS2_32.dll
0x00007ffdb62e0000 - 0x00007ffdb630a000 	C:\Windows\SYSTEM32\WINMMBASE.dll
0x00007ffdbd9d0000 - 0x00007ffdbda19000 	C:\Windows\System32\cfgmgr32.dll
0x00007ffdbad60000 - 0x00007ffdbad6f000 	C:\Program Files\Java\jdk1.8.0_211\jre\bin\verify.dll
0x00007ffd9ab30000 - 0x00007ffd9ab59000 	C:\Program Files\Java\jdk1.8.0_211\jre\bin\java.dll
0x00007ffdb4b40000 - 0x00007ffdb4b56000 	C:\Program Files\Java\jdk1.8.0_211\jre\bin\zip.dll
0x00007ffdbed60000 - 0x00007ffdc01a0000 	C:\Windows\System32\SHELL32.dll
0x00007ffdc0900000 - 0x00007ffdc09a9000 	C:\Windows\System32\shcore.dll
0x00007ffdbd210000 - 0x00007ffdbd91d000 	C:\Windows\System32\windows.storage.dll
0x00007ffdbce50000 - 0x00007ffdbce61000 	C:\Windows\System32\kernel.appcore.dll
0x00007ffdbce30000 - 0x00007ffdbce4f000 	C:\Windows\System32\profapi.dll
0x00007ffdbcde0000 - 0x00007ffdbce2c000 	C:\Windows\System32\powrprof.dll
0x00007ffdbcdd0000 - 0x00007ffdbcdda000 	C:\Windows\System32\FLTLIB.DLL
0x00000000033b0000 - 0x00000000033b3000 	C:\Program Files\Java\jdk1.8.0_211\jre\bin\api-ms-win-core-console-l1-1-0.dll
0x00000000033c0000 - 0x00000000033c3000 	C:\Program Files\Java\jdk1.8.0_211\jre\bin\api-ms-win-core-datetime-l1-1-0.dll
0x00000000033d0000 - 0x00000000033d3000 	C:\Program Files\Java\jdk1.8.0_211\jre\bin\api-ms-win-core-debug-l1-1-0.dll
0x00000000033f0000 - 0x00000000033f3000 	C:\Program Files\Java\jdk1.8.0_211\jre\bin\api-ms-win-core-errorhandling-l1-1-0.dll
0x0000000003400000 - 0x0000000003404000 	C:\Program Files\Java\jdk1.8.0_211\jre\bin\api-ms-win-core-file-l1-1-0.dll
0x0000000003410000 - 0x0000000003413000 	C:\Program Files\Java\jdk1.8.0_211\jre\bin\api-ms-win-core-file-l1-2-0.dll
0x0000000020690000 - 0x0000000020693000 	C:\Program Files\Java\jdk1.8.0_211\jre\bin\api-ms-win-core-file-l2-1-0.dll
0x00000000206a0000 - 0x00000000206a3000 	C:\Program Files\Java\jdk1.8.0_211\jre\bin\api-ms-win-core-handle-l1-1-0.dll
0x00000000206b0000 - 0x00000000206b3000 	C:\Program Files\Java\jdk1.8.0_211\jre\bin\api-ms-win-core-heap-l1-1-0.dll
0x00000000206c0000 - 0x00000000206c3000 	C:\Program Files\Java\jdk1.8.0_211\jre\bin\api-ms-win-core-interlocked-l1-1-0.dll
0x00000000206d0000 - 0x00000000206d3000 	C:\Program Files\Java\jdk1.8.0_211\jre\bin\api-ms-win-core-libraryloader-l1-1-0.dll
0x00000000206e0000 - 0x00000000206e3000 	C:\Program Files\Java\jdk1.8.0_211\jre\bin\api-ms-win-core-localization-l1-2-0.dll
0x00000000206f0000 - 0x00000000206f3000 	C:\Program Files\Java\jdk1.8.0_211\jre\bin\api-ms-win-core-memory-l1-1-0.dll
0x0000000020700000 - 0x0000000020703000 	C:\Program Files\Java\jdk1.8.0_211\jre\bin\api-ms-win-core-namedpipe-l1-1-0.dll
0x0000000020710000 - 0x0000000020713000 	C:\Program Files\Java\jdk1.8.0_211\jre\bin\api-ms-win-core-processenvironment-l1-1-0.dll
0x0000000020720000 - 0x0000000020723000 	C:\Program Files\Java\jdk1.8.0_211\jre\bin\api-ms-win-core-processthreads-l1-1-0.dll
0x0000000020730000 - 0x0000000020733000 	C:\Program Files\Java\jdk1.8.0_211\jre\bin\api-ms-win-core-processthreads-l1-1-1.dll
0x0000000020740000 - 0x0000000020743000 	C:\Program Files\Java\jdk1.8.0_211\jre\bin\api-ms-win-core-profile-l1-1-0.dll
0x0000000020750000 - 0x0000000020753000 	C:\Program Files\Java\jdk1.8.0_211\jre\bin\api-ms-win-core-rtlsupport-l1-1-0.dll
0x0000000020760000 - 0x0000000020763000 	C:\Program Files\Java\jdk1.8.0_211\jre\bin\api-ms-win-core-string-l1-1-0.dll
0x0000000020770000 - 0x0000000020773000 	C:\Program Files\Java\jdk1.8.0_211\jre\bin\api-ms-win-core-synch-l1-1-0.dll
0x0000000020780000 - 0x0000000020783000 	C:\Program Files\Java\jdk1.8.0_211\jre\bin\api-ms-win-core-synch-l1-2-0.dll
0x0000000020790000 - 0x0000000020793000 	C:\Program Files\Java\jdk1.8.0_211\jre\bin\api-ms-win-core-sysinfo-l1-1-0.dll
0x00000000207a0000 - 0x00000000207a3000 	C:\Program Files\Java\jdk1.8.0_211\jre\bin\api-ms-win-core-timezone-l1-1-0.dll
0x00000000207b0000 - 0x00000000207b3000 	C:\Program Files\Java\jdk1.8.0_211\jre\bin\api-ms-win-core-util-l1-1-0.dll
0x00000000207c0000 - 0x00000000207c3000 	C:\Program Files\Java\jdk1.8.0_211\jre\bin\api-ms-win-crt-conio-l1-1-0.dll
0x00000000207d0000 - 0x00000000207d4000 	C:\Program Files\Java\jdk1.8.0_211\jre\bin\api-ms-win-crt-convert-l1-1-0.dll
0x00000000207e0000 - 0x00000000207e3000 	C:\Program Files\Java\jdk1.8.0_211\jre\bin\api-ms-win-crt-environment-l1-1-0.dll
0x00000000207f0000 - 0x00000000207f3000 	C:\Program Files\Java\jdk1.8.0_211\jre\bin\api-ms-win-crt-filesystem-l1-1-0.dll
0x0000000020800000 - 0x0000000020803000 	C:\Program Files\Java\jdk1.8.0_211\jre\bin\api-ms-win-crt-heap-l1-1-0.dll
0x0000000020810000 - 0x0000000020813000 	C:\Program Files\Java\jdk1.8.0_211\jre\bin\api-ms-win-crt-locale-l1-1-0.dll
0x0000000020820000 - 0x0000000020825000 	C:\Program Files\Java\jdk1.8.0_211\jre\bin\api-ms-win-crt-math-l1-1-0.dll
0x0000000020830000 - 0x0000000020835000 	C:\Program Files\Java\jdk1.8.0_211\jre\bin\api-ms-win-crt-multibyte-l1-1-0.dll
0x0000000020840000 - 0x0000000020850000 	C:\Program Files\Java\jdk1.8.0_211\jre\bin\api-ms-win-crt-private-l1-1-0.dll
0x0000000020850000 - 0x0000000020853000 	C:\Program Files\Java\jdk1.8.0_211\jre\bin\api-ms-win-crt-process-l1-1-0.dll
0x0000000020860000 - 0x0000000020864000 	C:\Program Files\Java\jdk1.8.0_211\jre\bin\api-ms-win-crt-runtime-l1-1-0.dll
0x0000000020870000 - 0x0000000020874000 	C:\Program Files\Java\jdk1.8.0_211\jre\bin\api-ms-win-crt-stdio-l1-1-0.dll
0x0000000020880000 - 0x0000000020884000 	C:\Program Files\Java\jdk1.8.0_211\jre\bin\api-ms-win-crt-string-l1-1-0.dll
0x0000000020890000 - 0x0000000020893000 	C:\Program Files\Java\jdk1.8.0_211\jre\bin\api-ms-win-crt-time-l1-1-0.dll
0x00000000208a0000 - 0x00000000208a3000 	C:\Program Files\Java\jdk1.8.0_211\jre\bin\api-ms-win-crt-utility-l1-1-0.dll
0x00007ffd6c7f0000 - 0x00007ffd6c8e6000 	C:\Program Files\Java\jdk1.8.0_211\jre\bin\ucrtbase.dll
0x00007ffd8f790000 - 0x00007ffd8f7a6000 	C:\Program Files\Java\jdk1.8.0_211\jre\bin\vcruntime140.dll
0x00007ffd81010000 - 0x00007ffd810ba000 	C:\Program Files\Java\jdk1.8.0_211\jre\bin\msvcp140.dll
0x00007ffd8cf80000 - 0x00007ffd8cfd4000 	C:\Program Files\Java\jdk1.8.0_211\jre\bin\concrt140.dll
0x00007ffd8ee70000 - 0x00007ffd8ee93000 	C:\Program Files\Java\jdk1.8.0_211\jre\bin\prism_d3d.dll
0x00007ffd756e0000 - 0x00007ffd75877000 	C:\Windows\system32\d3d9.dll
0x00007ffdbb1e0000 - 0x00007ffdbb209000 	C:\Windows\SYSTEM32\dwmapi.dll
0x00007ffdbaec0000 - 0x00007ffdbaf58000 	C:\Windows\system32\uxtheme.dll
0x00007ffd73420000 - 0x00007ffd73695000 	C:\Windows\System32\DriverStore\FileRepository\igdlh64.inf_amd64_16ed7d82b93e4f68\igdumdim64.dll
0x00007ffd66170000 - 0x00007ffd69a5c000 	C:\Windows\System32\DriverStore\FileRepository\igdlh64.inf_amd64_16ed7d82b93e4f68\igd9dxva64.dll
0x00007ffdbeb30000 - 0x00007ffdbec81000 	C:\Windows\System32\ole32.dll
0x00007ffdbe820000 - 0x00007ffdbe8e2000 	C:\Windows\System32\OLEAUT32.dll
0x00007ffd8e1b0000 - 0x00007ffd8e1f9000 	C:\Program Files\Java\jdk1.8.0_211\jre\bin\glass.dll
0x00007ffdbe280000 - 0x00007ffdbe36d000 	C:\Windows\System32\COMDLG32.dll
0x00007ffdc01a0000 - 0x00007ffdc0313000 	C:\Windows\System32\MSCTF.dll
0x00007ffdab790000 - 0x00007ffdab7b0000 	C:\Windows\System32\DriverStore\FileRepository\igdlh64.inf_amd64_16ed7d82b93e4f68\igdinfo64.dll
0x00007ffda7630000 - 0x00007ffda95ac000 	C:\Windows\System32\DriverStore\FileRepository\igdlh64.inf_amd64_16ed7d82b93e4f68\igc64.dll
0x00007ffd703d0000 - 0x00007ffd704bf000 	C:\Users\ksaycon\.javacpp\cache\opencv-3.2.0-1.3-windows-x86_64.jar\org\bytedeco\javacpp\windows-x86_64\msvcr120.dll
0x00007ffd6fa40000 - 0x00007ffd6fae6000 	C:\Users\ksaycon\.javacpp\cache\opencv-3.2.0-1.3-windows-x86_64.jar\org\bytedeco\javacpp\windows-x86_64\msvcp120.dll
0x00007ffd5c240000 - 0x00007ffd5c4c8000 	C:\Users\ksaycon\.javacpp\cache\opencv-3.2.0-1.3-windows-x86_64.jar\org\bytedeco\javacpp\windows-x86_64\opencv_core320.dll
0x00007ffd5bed0000 - 0x00007ffd5c232000 	C:\Users\ksaycon\.javacpp\cache\opencv-3.2.0-1.3-windows-x86_64.jar\org\bytedeco\javacpp\windows-x86_64\opencv_imgproc320.dll
0x00007ffd5bc80000 - 0x00007ffd5beca000 	C:\Users\ksaycon\.javacpp\cache\opencv-3.2.0-1.3-windows-x86_64.jar\org\bytedeco\javacpp\windows-x86_64\jniopencv_core.dll
0x00007ffdb2db0000 - 0x00007ffdb2dca000 	C:\Program Files\Java\jdk1.8.0_211\jre\bin\net.dll
0x00007ffdb26f0000 - 0x00007ffdb28b8000 	C:\Windows\SYSTEM32\urlmon.dll
0x00007ffdb2a80000 - 0x00007ffdb2d26000 	C:\Windows\SYSTEM32\iertutil.dll
0x00007ffdbc800000 - 0x00007ffdbc80b000 	C:\Windows\SYSTEM32\CRYPTBASE.DLL
0x00007ffdbc650000 - 0x00007ffdbc6b6000 	C:\Windows\system32\mswsock.dll
0x00007ffdab7b0000 - 0x00007ffdab7c2000 	C:\Program Files\Java\jdk1.8.0_211\jre\bin\nio.dll
0x00007ffd65380000 - 0x00007ffd65519000 	C:\Program Files\Java\jdk1.8.0_211\jre\bin\awt.dll
0x00007ffdbade0000 - 0x00007ffdbae6b000 	C:\Windows\SYSTEM32\apphelp.dll
0x00007ffd8de30000 - 0x00007ffd8de44000 	C:\Program Files\Java\jdk1.8.0_211\jre\bin\javafx_font.dll
0x00007ffdb2df0000 - 0x00007ffdb310c000 	C:\Windows\SYSTEM32\dwrite.dll
0x00007ffdbe8f0000 - 0x00007ffdbe990000 	C:\Windows\System32\clbcatq.dll
0x00007ffdb5d90000 - 0x00007ffdb5f3e000 	C:\Windows\SYSTEM32\WindowsCodecs.dll
0x00007ffda3880000 - 0x00007ffda38d8000 	C:\Windows\system32\dataexchange.dll
0x00007ffdba340000 - 0x00007ffdba4dc000 	C:\Windows\system32\dcomp.dll
0x00007ffdb9460000 - 0x00007ffdb976b000 	C:\Windows\system32\d3d11.dll
0x00007ffdbbb40000 - 0x00007ffdbbbfb000 	C:\Windows\system32\dxgi.dll
0x00007ffdbb330000 - 0x00007ffdbb4e8000 	C:\Windows\system32\twinapi.appcore.dll
0x00007ffdbb2d0000 - 0x00007ffdbb2f9000 	C:\Windows\system32\RMCLIENT.dll
0x00007ffd8dc30000 - 0x00007ffd8dc64000 	C:\Program Files\Common Files\Microsoft Shared\Ink\rtscom.dll
0x00007ffdb39c0000 - 0x00007ffdb3a56000 	C:\Windows\System32\TextInputFramework.dll
0x00007ffdba250000 - 0x00007ffdba32a000 	C:\Windows\System32\CoreMessaging.dll
0x00007ffdb5910000 - 0x00007ffdb5c2e000 	C:\Windows\System32\CoreUIComponents.dll

VM Arguments:
java_command: application.Main
java_class_path (initial): C:\Users\ksaycon\Documents\NetBeansProjects\JVisionAI\target\classes;C:\Users\ksaycon\.m2\repository\org\bytedeco\javacv-platform\1.3.2\javacv-platform-1.3.2.jar;C:\Users\ksaycon\.m2\repository\org\bytedeco\javacv\1.3.2\javacv-1.3.2.jar;C:\Users\ksaycon\.m2\repository\org\bytedeco\javacpp\1.3.2\javacpp-1.3.2.jar;C:\Users\ksaycon\.m2\repository\org\bytedeco\javacpp-presets\opencv\3.2.0-1.3\opencv-3.2.0-1.3.jar;C:\Users\ksaycon\.m2\repository\org\bytedeco\javacpp-presets\ffmpeg\3.2.1-1.3\ffmpeg-3.2.1-1.3.jar;C:\Users\ksaycon\.m2\repository\org\bytedeco\javacpp-presets\flycapture\2.9.3.43-1.3\flycapture-2.9.3.43-1.3.jar;C:\Users\ksaycon\.m2\repository\org\bytedeco\javacpp-presets\libdc1394\2.2.4-1.3\libdc1394-2.2.4-1.3.jar;C:\Users\ksaycon\.m2\repository\org\bytedeco\javacpp-presets\libfreenect\0.5.3-1.3\libfreenect-0.5.3-1.3.jar;C:\Users\ksaycon\.m2\repository\org\bytedeco\javacpp-presets\libfreenect2\0.2.0-1.3\libfreenect2-0.2.0-1.3.jar;C:\Users\ksaycon\.m2\repository\org\bytedeco\javacpp-presets\librealsense\1.9.6-1.3\librealsense-1.9.6-1.3.jar;C:\Users\ksaycon\.m2\repository\org\bytedeco\javacpp-presets\videoinput\0.200-1.3\videoinput-0.200-1.3.jar;C:\Users\ksaycon\.m2\repository\org\bytedeco\javacpp-presets\artoolkitplus\2.3.1-1.3\artoolkitplus-2.3.1-1.3.jar;C:\Users\ksaycon\.m2\repository\org\bytedeco\javacpp-presets\flandmark\1.07-1.3\flandmark-1.07-1.3.jar;C:\Users\ksaycon\.m2\repository\org\bytedeco\javacpp-presets\opencv-platform\3.2.0-1.3\opencv-platform-3.2.0-1.3.jar;C:\Users\ksaycon\.m2\repository\org\bytedeco\javacpp-presets\opencv\3.2.0-1.3\opencv-3.2.0-1.3-android-arm.jar;C:\Users\ksaycon\.m2\repository\org\bytedeco\javacpp-presets\opencv\3.2.0-1.3\opencv-3.2.0-1.3-android-x86.jar;C:\Users\ksaycon\.m2\repository\org\bytedeco\javacpp-presets\opencv\3.2.0-1.3\opencv-3.2.0-1.3-linux-x86.jar;C:\Users\ksaycon\.m2\repository\org\bytedeco\javacpp-presets\opencv\3.2.0-1.3\opencv-3.2.0-1.3-linux-x86_64.jar;C:\Users\ksaycon\.m2\reposi
Launcher Type: SUN_STANDARD

Environment Variables:
JAVA_HOME=C:\Program Files\Java\jdk1.8.0_211
PATH=C:\Program Files (x86)\Common Files\Oracle\Java\javapath;C:\Windows\system32;C:\Windows;C:\Windows\System32\Wbem;C:\Windows\System32\WindowsPowerShell\v1.0\;C:\Windows\System32\OpenSSH\;C:\PROGRA~2\IBM\CLIENT~1;C:\PROGRA~2\IBM\CLIENT~1\Shared;C:\PROGRA~2\IBM\CLIENT~1\Emulator;C:\Program Files (x86)\Intel\Intel(R) Management Engine Components\DAL;C:\Program Files\Intel\Intel(R) Management Engine Components\DAL;C:\Users\ksaycon\AppData\Local\Microsoft\WindowsApps;;C:\Users\ksaycon\AppData\Local\Programs\Microsoft VS Code\bin
USERNAME=KSaycon
OS=Windows_NT
PROCESSOR_IDENTIFIER=Intel64 Family 6 Model 142 Stepping 10, GenuineIntel



---------------  S Y S T E M  ---------------

OS: Windows 10.0 , 64 bit Build 17134 (10.0.17134.706)

CPU:total 8 (initial active 8) (4 cores per cpu, 2 threads per core) family 6 model 142 stepping 10, cmov, cx8, fxsr, mmx, sse, sse2, sse3, ssse3, sse4.1, sse4.2, popcnt, avx, avx2, aes, clmul, erms, 3dnowpref, lzcnt, ht, tsc, tscinvbit, bmi1, bmi2, adx

Memory: 4k page, physical 16671408k(8774968k free), swap 19161776k(7992256k free)

vm_info: Java HotSpot(TM) 64-Bit Server VM (25.211-b12) for windows-amd64 JRE (1.8.0_211-b12), built on Apr  1 2019 20:53:26 by "java_re" with MS VC++ 10.0 (VS2010)

time: Thu May 16 17:17:33 2019
timezone: Malay Peninsula Standard Time
elapsed time: 33 seconds (0d 0h 0m 33s)

